<?xml version="1.0" encoding="UTF-8"?>
<coverage generated="1655244544610" clover="3.2.0">
  <project timestamp="1655244544610" name="All files">
    <metrics statements="16" coveredstatements="13" conditionals="5" coveredconditionals="4" methods="4" coveredmethods="3" elements="25" coveredelements="20" complexity="0" loc="16" ncloc="16" packages="1" files="1" classes="1"/>
    <file name="CarpetaComposite.ts" path="C:\Users\Usuario\Desktop\Email Integrador\email\CarpetaComposite\CarpetaComposite.ts">
      <metrics statements="16" coveredstatements="13" conditionals="5" coveredconditionals="4" methods="4" coveredmethods="3"/>
      <line num="1" count="1" type="stmt"/>
      <line num="3" count="1" type="stmt"/>
      <line num="4" count="3" type="stmt"/>
      <line num="9" count="3" type="stmt"/>
      <line num="10" count="3" type="stmt"/>
      <line num="11" count="3" type="stmt"/>
      <line num="17" count="4" type="stmt"/>
      <line num="18" count="4" type="stmt"/>
      <line num="19" count="14" type="cond" truecount="2" falsecount="0"/>
      <line num="20" count="1" type="stmt"/>
      <line num="22" count="13" type="stmt"/>
      <line num="25" count="4" type="stmt"/>
      <line num="29" count="10" type="stmt"/>
      <line num="33" count="0" type="stmt"/>
      <line num="34" count="0" type="cond" truecount="0" falsecount="1"/>
      <line num="35" count="0" type="stmt"/>
    </file>
  </project>
</coverage>
