{"C:\\Users\\Usuario\\Desktop\\Email Integrador\\email\\contacto.ts": {"path":"C:\\Users\\Usuario\\Desktop\\Email Integrador\\email\\contacto.ts","statementMap":{"0":{"start":{"line":3,"column":12},"end":{"line":3,"column":32}},"1":{"start":{"line":4,"column":12},"end":{"line":4,"column":31}},"2":{"start":{"line":8,"column":8},"end":{"line":8,"column":29}},"3":{"start":{"line":9,"column":8},"end":{"line":9,"column":27}},"4":{"start":{"line":13,"column":8},"end":{"line":13,"column":27}},"5":{"start":{"line":17,"column":8},"end":{"line":17,"column":26}},"6":{"start":{"line":1,"column":0},"end":{"line":1,"column":13}}},"fnMap":{"0":{"name":"(anonymous_0)","decl":{"start":{"line":6,"column":4},"end":{"line":6,"column":16}},"loc":{"start":{"line":6,"column":45},"end":{"line":10,"column":5}}},"1":{"name":"(anonymous_1)","decl":{"start":{"line":12,"column":11},"end":{"line":12,"column":20}},"loc":{"start":{"line":12,"column":20},"end":{"line":14,"column":5}}},"2":{"name":"(anonymous_2)","decl":{"start":{"line":16,"column":11},"end":{"line":16,"column":19}},"loc":{"start":{"line":16,"column":19},"end":{"line":18,"column":5}}}},"branchMap":{},"s":{"0":18,"1":18,"2":18,"3":18,"4":0,"5":0,"6":1},"f":{"0":18,"1":0,"2":0},"b":{}}
,"C:\\Users\\Usuario\\Desktop\\Email Integrador\\email\\CarpetaComposite\\CarpetaComposite.ts": {"path":"C:\\Users\\Usuario\\Desktop\\Email Integrador\\email\\CarpetaComposite\\CarpetaComposite.ts","statementMap":{"0":{"start":{"line":1,"column":0},"end":{"line":1,"column":50}},"1":{"start":{"line":34,"column":8},"end":{"line":34,"column":33}},"2":{"start":{"line":4,"column":12},"end":{"line":4,"column":42}},"3":{"start":{"line":35,"column":8},"end":{"line":35,"column":29}},"4":{"start":{"line":36,"column":8},"end":{"line":36,"column":43}},"5":{"start":{"line":11,"column":23},"end":{"line":11,"column":24}},"6":{"start":{"line":12,"column":8},"end":{"line":18,"column":null}},"7":{"start":{"line":13,"column":12},"end":{"line":17,"column":null}},"8":{"start":{"line":14,"column":16},"end":{"line":14,"column":53}},"9":{"start":{"line":16,"column":16},"end":{"line":16,"column":30}},"10":{"start":{"line":19,"column":8},"end":{"line":19,"column":24}},"11":{"start":{"line":23,"column":8},"end":{"line":23,"column":36}},"12":{"start":{"line":27,"column":20},"end":{"line":27,"column":46}},"13":{"start":{"line":28,"column":8},"end":{"line":30,"column":null}},"14":{"start":{"line":29,"column":12},"end":{"line":29,"column":41}},"15":{"start":{"line":3,"column":0},"end":{"line":3,"column":13}}},"fnMap":{"0":{"name":"(anonymous_0)","decl":{"start":{"line":33,"column":4},"end":{"line":33,"column":16}},"loc":{"start":{"line":33,"column":82},"end":{"line":37,"column":5}}},"1":{"name":"(anonymous_1)","decl":{"start":{"line":8,"column":11},"end":{"line":8,"column":25}},"loc":{"start":{"line":8,"column":25},"end":{"line":20,"column":5}}},"2":{"name":"(anonymous_2)","decl":{"start":{"line":22,"column":11},"end":{"line":22,"column":14}},"loc":{"start":{"line":22,"column":40},"end":{"line":24,"column":5}}},"3":{"name":"(anonymous_3)","decl":{"start":{"line":26,"column":11},"end":{"line":26,"column":17}},"loc":{"start":{"line":26,"column":39},"end":{"line":31,"column":5}}}},"branchMap":{"0":{"loc":{"start":{"line":33,"column":55},"end":{"line":33,"column":66}},"type":"default-arg","locations":[{"start":{"line":33,"column":64},"end":{"line":33,"column":66}}]},"1":{"loc":{"start":{"line":33,"column":68},"end":{"line":33,"column":82}},"type":"default-arg","locations":[{"start":{"line":33,"column":80},"end":{"line":33,"column":82}}]},"2":{"loc":{"start":{"line":13,"column":12},"end":{"line":17,"column":null}},"type":"if","locations":[{"start":{"line":13,"column":12},"end":{"line":17,"column":null}},{"start":{"line":15,"column":19},"end":{"line":17,"column":null}}]},"3":{"loc":{"start":{"line":28,"column":8},"end":{"line":30,"column":null}},"type":"if","locations":[{"start":{"line":28,"column":8},"end":{"line":30,"column":null}}]}},"s":{"0":1,"1":3,"2":3,"3":3,"4":3,"5":4,"6":4,"7":14,"8":1,"9":13,"10":4,"11":10,"12":0,"13":0,"14":0,"15":1},"f":{"0":3,"1":4,"2":10,"3":0},"b":{"0":[3],"1":[3],"2":[1,13],"3":[0]}}
,"C:\\Users\\Usuario\\Desktop\\Email Integrador\\email\\CarpetaComposite\\EmailComponent.ts": {"path":"C:\\Users\\Usuario\\Desktop\\Email Integrador\\email\\CarpetaComposite\\EmailComponent.ts","statementMap":{"0":{"start":{"line":2,"column":11},"end":{"line":2,"column":31}},"1":{"start":{"line":3,"column":11},"end":{"line":3,"column":34}},"2":{"start":{"line":6,"column":8},"end":{"line":6,"column":29}},"3":{"start":{"line":7,"column":8},"end":{"line":7,"column":35}},"4":{"start":{"line":1,"column":0},"end":{"line":1,"column":22}}},"fnMap":{"0":{"name":"(anonymous_0)","decl":{"start":{"line":5,"column":4},"end":{"line":5,"column":16}},"loc":{"start":{"line":5,"column":49},"end":{"line":8,"column":5}}}},"branchMap":{},"s":{"0":12,"1":12,"2":12,"3":12,"4":1},"f":{"0":12},"b":{}}
,"C:\\Users\\Usuario\\Desktop\\Email Integrador\\email\\CarpetaComposite\\EmailLeaf.ts": {"path":"C:\\Users\\Usuario\\Desktop\\Email Integrador\\email\\CarpetaComposite\\EmailLeaf.ts","statementMap":{"0":{"start":{"line":2,"column":0},"end":{"line":2,"column":50}},"1":{"start":{"line":9,"column":8},"end":{"line":9,"column":33}},"2":{"start":{"line":5,"column":11},"end":{"line":5,"column":38}},"3":{"start":{"line":6,"column":11},"end":{"line":6,"column":38}},"4":{"start":{"line":10,"column":8},"end":{"line":10,"column":35}},"5":{"start":{"line":11,"column":8},"end":{"line":11,"column":25}},"6":{"start":{"line":4,"column":0},"end":{"line":4,"column":13}}},"fnMap":{"0":{"name":"(anonymous_0)","decl":{"start":{"line":8,"column":4},"end":{"line":8,"column":16}},"loc":{"start":{"line":8,"column":93},"end":{"line":12,"column":5}}}},"branchMap":{},"s":{"0":1,"1":9,"2":9,"3":9,"4":9,"5":9,"6":1},"f":{"0":9},"b":{}}
}
