{"C:\\Users\\Usuario\\Desktop\\Email Integrador\\email\\CarpetaComposite\\CarpetaComposite.ts": {"path":"C:\\Users\\Usuario\\Desktop\\Email Integrador\\email\\CarpetaComposite\\CarpetaComposite.ts","statementMap":{"0":{"start":{"line":1,"column":0},"end":{"line":1,"column":50}},"1":{"start":{"line":9,"column":8},"end":{"line":9,"column":33}},"2":{"start":{"line":4,"column":12},"end":{"line":4,"column":42}},"3":{"start":{"line":10,"column":8},"end":{"line":10,"column":29}},"4":{"start":{"line":11,"column":8},"end":{"line":11,"column":43}},"5":{"start":{"line":17,"column":23},"end":{"line":17,"column":24}},"6":{"start":{"line":18,"column":8},"end":{"line":24,"column":null}},"7":{"start":{"line":19,"column":12},"end":{"line":23,"column":null}},"8":{"start":{"line":20,"column":16},"end":{"line":20,"column":53}},"9":{"start":{"line":22,"column":16},"end":{"line":22,"column":30}},"10":{"start":{"line":25,"column":8},"end":{"line":25,"column":24}},"11":{"start":{"line":29,"column":8},"end":{"line":29,"column":36}},"12":{"start":{"line":33,"column":20},"end":{"line":33,"column":46}},"13":{"start":{"line":34,"column":8},"end":{"line":36,"column":null}},"14":{"start":{"line":35,"column":12},"end":{"line":35,"column":41}},"15":{"start":{"line":3,"column":0},"end":{"line":3,"column":13}}},"fnMap":{"0":{"name":"(anonymous_0)","decl":{"start":{"line":8,"column":4},"end":{"line":8,"column":16}},"loc":{"start":{"line":8,"column":82},"end":{"line":12,"column":5}}},"1":{"name":"(anonymous_1)","decl":{"start":{"line":14,"column":11},"end":{"line":14,"column":25}},"loc":{"start":{"line":14,"column":25},"end":{"line":26,"column":5}}},"2":{"name":"(anonymous_2)","decl":{"start":{"line":28,"column":11},"end":{"line":28,"column":14}},"loc":{"start":{"line":28,"column":40},"end":{"line":30,"column":5}}},"3":{"name":"(anonymous_3)","decl":{"start":{"line":32,"column":11},"end":{"line":32,"column":17}},"loc":{"start":{"line":32,"column":39},"end":{"line":37,"column":5}}}},"branchMap":{"0":{"loc":{"start":{"line":8,"column":55},"end":{"line":8,"column":66}},"type":"default-arg","locations":[{"start":{"line":8,"column":64},"end":{"line":8,"column":66}}]},"1":{"loc":{"start":{"line":8,"column":68},"end":{"line":8,"column":82}},"type":"default-arg","locations":[{"start":{"line":8,"column":80},"end":{"line":8,"column":82}}]},"2":{"loc":{"start":{"line":19,"column":12},"end":{"line":23,"column":null}},"type":"if","locations":[{"start":{"line":19,"column":12},"end":{"line":23,"column":null}},{"start":{"line":21,"column":19},"end":{"line":23,"column":null}}]},"3":{"loc":{"start":{"line":34,"column":8},"end":{"line":36,"column":null}},"type":"if","locations":[{"start":{"line":34,"column":8},"end":{"line":36,"column":null}}]}},"s":{"0":1,"1":3,"2":3,"3":3,"4":3,"5":4,"6":4,"7":14,"8":1,"9":13,"10":4,"11":10,"12":0,"13":0,"14":0,"15":1},"f":{"0":3,"1":4,"2":10,"3":0},"b":{"0":[3],"1":[3],"2":[1,13],"3":[0]}}
}
