TN:
SF:contacto.ts
FN:6,(anonymous_0)
FN:12,(anonymous_1)
FN:16,(anonymous_2)
FNF:3
FNH:1
FNDA:18,(anonymous_0)
FNDA:0,(anonymous_1)
FNDA:0,(anonymous_2)
DA:1,1
DA:3,18
DA:4,18
DA:8,18
DA:9,18
DA:13,0
DA:17,0
LF:7
LH:5
BRF:0
BRH:0
end_of_record
TN:
SF:CarpetaComposite\CarpetaComposite.ts
FN:8,(anonymous_0)
FN:14,(anonymous_1)
FN:28,(anonymous_2)
FN:32,(anonymous_3)
FNF:4
FNH:3
FNDA:3,(anonymous_0)
FNDA:4,(anonymous_1)
FNDA:10,(anonymous_2)
FNDA:0,(anonymous_3)
DA:1,1
DA:3,1
DA:4,3
DA:9,3
DA:10,3
DA:11,3
DA:17,4
DA:18,4
DA:19,14
DA:20,1
DA:22,13
DA:25,4
DA:29,10
DA:33,0
DA:34,0
DA:35,0
LF:16
LH:13
BRDA:8,0,0,3
BRDA:8,1,0,3
BRDA:19,2,0,1
BRDA:19,2,1,13
BRDA:34,3,0,0
BRF:5
BRH:4
end_of_record
TN:
SF:CarpetaComposite\EmailComponent.ts
FN:5,(anonymous_0)
FNF:1
FNH:1
FNDA:12,(anonymous_0)
DA:1,1
DA:2,12
DA:3,12
DA:6,12
DA:7,12
LF:5
LH:5
BRF:0
BRH:0
end_of_record
TN:
SF:CarpetaComposite\EmailLeaf.ts
FN:8,(anonymous_0)
FNF:1
FNH:1
FNDA:9,(anonymous_0)
DA:2,1
DA:4,1
DA:5,9
DA:6,9
DA:9,9
DA:10,9
DA:11,9
LF:7
LH:7
BRF:0
BRH:0
end_of_record
TN:
SF:EmailManagerSingleton\EmailManagerSing.ts
FN:10,(anonymous_0)
FN:15,(anonymous_1)
FN:25,(anonymous_2)
FN:37,(anonymous_3)
FN:41,(anonymous_4)
FNF:5
FNH:2
FNDA:1,(anonymous_0)
FNDA:1,(anonymous_1)
FNDA:0,(anonymous_2)
FNDA:0,(anonymous_3)
FNDA:0,(anonymous_4)
DA:2,1
DA:5,1
DA:17,1
DA:18,1
DA:21,1
DA:26,0
DA:29,0
DA:30,0
DA:31,0
DA:34,0
DA:38,0
DA:42,0
DA:43,0
LF:13
LH:5
BRDA:17,0,0,1
BRDA:29,1,0,0
BRDA:29,2,0,0
BRDA:29,2,1,0
BRDA:29,2,2,0
BRDA:29,2,3,0
BRDA:37,3,0,0
BRDA:37,4,0,0
BRF:8
BRH:1
end_of_record
