TN:
SF:contacto.ts
FN:6,(anonymous_0)
FN:12,(anonymous_1)
FN:16,(anonymous_2)
FNF:3
FNH:1
FNDA:18,(anonymous_0)
FNDA:0,(anonymous_1)
FNDA:0,(anonymous_2)
DA:1,1
DA:3,18
DA:4,18
DA:8,18
DA:9,18
DA:13,0
DA:17,0
LF:7
LH:5
BRF:0
BRH:0
end_of_record
TN:
SF:CarpetaComposite\CarpetaComposite.ts
FN:33,(anonymous_0)
FN:8,(anonymous_1)
FN:22,(anonymous_2)
FN:26,(anonymous_3)
FNF:4
FNH:3
FNDA:3,(anonymous_0)
FNDA:4,(anonymous_1)
FNDA:10,(anonymous_2)
FNDA:0,(anonymous_3)
DA:1,1
DA:3,1
DA:4,3
DA:11,4
DA:12,4
DA:13,14
DA:14,1
DA:16,13
DA:19,4
DA:23,10
DA:27,0
DA:28,0
DA:29,0
DA:34,3
DA:35,3
DA:36,3
LF:16
LH:13
BRDA:33,0,0,3
BRDA:33,1,0,3
BRDA:13,2,0,1
BRDA:13,2,1,13
BRDA:28,3,0,0
BRF:5
BRH:4
end_of_record
TN:
SF:CarpetaComposite\EmailComponent.ts
FN:5,(anonymous_0)
FNF:1
FNH:1
FNDA:12,(anonymous_0)
DA:1,1
DA:2,12
DA:3,12
DA:6,12
DA:7,12
LF:5
LH:5
BRF:0
BRH:0
end_of_record
TN:
SF:CarpetaComposite\EmailLeaf.ts
FN:8,(anonymous_0)
FNF:1
FNH:1
FNDA:9,(anonymous_0)
DA:2,1
DA:4,1
DA:5,9
DA:6,9
DA:9,9
DA:10,9
DA:11,9
LF:7
LH:7
BRF:0
BRH:0
end_of_record
